c:\projects\sqlarmultipleciphers\mc\build\obj\vc17\win32\debug\sqlite3mc_dll\vc143.pdb
c:\projects\sqlarmultipleciphers\mc\build\obj\vc17\win32\debug\sqlite3mc_dll\vc143.idb
c:\projects\sqlarmultipleciphers\mc\build\obj\vc17\win32\debug\sqlite3mc_dll\sqlite3mc.obj
c:\projects\sqlarmultipleciphers\mc\bin\vc17\dll\debug\sqlite3mc.dll
c:\projects\sqlarmultipleciphers\mc\bin\vc17\dll\debug\sqlite3mc.pdb
c:\projects\sqlarmultipleciphers\mc\build\obj\vc17\win32\debug\sqlite3mc_dll\sqlite3mc.res
c:\projects\sqlarmultipleciphers\mc\bin\vc17\dll\debug\sqlite3mc.lib
c:\projects\sqlarmultipleciphers\mc\bin\vc17\dll\debug\sqlite3mc.exp
c:\projects\sqlarmultipleciphers\mc\build\obj\vc17\win32\debug\sqlite3mc_dll\sqlite3mc.ilk
c:\projects\sqlarmultipleciphers\mc\build\obj\vc17\win32\debug\sqlite3mc_dll\sqlite3mc_dll.tlog\cl.command.1.tlog
c:\projects\sqlarmultipleciphers\mc\build\obj\vc17\win32\debug\sqlite3mc_dll\sqlite3mc_dll.tlog\cl.items.tlog
c:\projects\sqlarmultipleciphers\mc\build\obj\vc17\win32\debug\sqlite3mc_dll\sqlite3mc_dll.tlog\cl.read.1.tlog
c:\projects\sqlarmultipleciphers\mc\build\obj\vc17\win32\debug\sqlite3mc_dll\sqlite3mc_dll.tlog\cl.write.1.tlog
c:\projects\sqlarmultipleciphers\mc\build\obj\vc17\win32\debug\sqlite3mc_dll\sqlite3mc_dll.tlog\link.command.1.tlog
c:\projects\sqlarmultipleciphers\mc\build\obj\vc17\win32\debug\sqlite3mc_dll\sqlite3mc_dll.tlog\link.read.1.tlog
c:\projects\sqlarmultipleciphers\mc\build\obj\vc17\win32\debug\sqlite3mc_dll\sqlite3mc_dll.tlog\link.secondary.1.tlog
c:\projects\sqlarmultipleciphers\mc\build\obj\vc17\win32\debug\sqlite3mc_dll\sqlite3mc_dll.tlog\link.write.1.tlog
c:\projects\sqlarmultipleciphers\mc\build\obj\vc17\win32\debug\sqlite3mc_dll\sqlite3mc_dll.tlog\rc.command.1.tlog
c:\projects\sqlarmultipleciphers\mc\build\obj\vc17\win32\debug\sqlite3mc_dll\sqlite3mc_dll.tlog\rc.read.1.tlog
c:\projects\sqlarmultipleciphers\mc\build\obj\vc17\win32\debug\sqlite3mc_dll\sqlite3mc_dll.tlog\rc.write.1.tlog
